<?xml version="1.0" encoding="UTF-8"?>
<!-- Generated by org.testng.reporters.JUnitXMLReporter -->
<testsuite hostname="DESKTOP-M0UH53U" ignored="0" name="Test - CreditCardEMI" tests="2" failures="1" timestamp="2022-08-13T12:08:41 IST" time="18.301" errors="0">
  <testcase name="outStandingAmount_10000" time="3.673" classname="com.itview.testcases.CreditCard_Test">
    <failure type="java.lang.AssertionError" message="expected [15,730] but found [15,730.99]">
      <![CDATA[java.lang.AssertionError: expected [15,730] but found [15,730.99]
at com.itview.testcases.CreditCard_Test.outStandingAmount_10000(CreditCard_Test.java:43)
at java.util.ArrayList.forEach(ArrayList.java:1259)
... Removed 37 stack frames]]>
    </failure>
  </testcase> <!-- outStandingAmount_10000 -->
  <testcase name="outStandingAmount_20000" time="3.376" classname="com.itview.testcases.CreditCard_Test"/>
</testsuite> <!-- Test - CreditCardEMI -->
